TN:
SF:src/api/getDegrees.ts
FN:5,(anonymous_1)
FNF:1
FNH:1
FNDA:2,(anonymous_1)
DA:1,1
DA:5,1
DA:6,2
DA:7,2
DA:8,2
DA:11,1
LF:6
LH:6
BRF:0
BRH:0
end_of_record
TN:
SF:src/api/getJobs.ts
FN:5,(anonymous_1)
FNF:1
FNH:1
FNDA:2,(anonymous_1)
DA:1,9
DA:5,9
DA:6,2
DA:7,2
DA:8,2
DA:11,9
LF:6
LH:6
BRF:0
BRH:0
end_of_record
TN:
SF:src/components/JobResults/JobListing.vue
FN:66,(anonymous_0)
FN:67,(anonymous_1)
FNF:2
FNH:2
FNDA:5,(anonymous_0)
FNDA:5,(anonymous_1)
DA:55,2
DA:58,2
DA:67,5
DA:69,5
LF:4
LH:4
BRF:0
BRH:0
end_of_record
TN:
SF:src/components/JobResults/JobListings.vue
FN:51,(anonymous_1)
FN:56,(anonymous_2)
FN:63,(anonymous_3)
FNF:3
FNH:2
FNDA:7,(anonymous_1)
FNDA:0,(anonymous_2)
FNDA:7,(anonymous_3)
DA:38,1
DA:40,1
DA:41,1
DA:42,1
DA:44,1
DA:48,1
DA:52,7
DA:54,7
DA:56,7
DA:57,7
DA:58,7
DA:63,7
DA:64,7
DA:65,7
DA:66,7
DA:67,7
DA:70,7
LF:17
LH:17
BRF:0
BRH:0
end_of_record
TN:
SF:src/components/JobResults/JobFiltersSidebar/JobFiltersSidebar.vue
FN:52,(anonymous_1)
FNF:1
FNH:1
FNDA:2,(anonymous_1)
DA:32,1
DA:33,1
DA:34,1
DA:36,1
DA:38,1
DA:40,1
DA:45,1
DA:53,2
DA:54,2
DA:56,2
LF:10
LH:10
BRF:0
BRH:0
end_of_record
TN:
SF:src/components/JobResults/JobFiltersSidebar/JobFiltersSidebarCheckboxGroup.vue
FN:50,(anonymous_1)
FN:56,(anonymous_2)
FNF:2
FNH:2
FNDA:3,(anonymous_1)
FNDA:2,(anonymous_2)
DA:25,2
DA:26,2
DA:27,2
DA:29,2
DA:31,2
DA:33,2
DA:51,3
DA:52,3
DA:54,3
DA:56,3
DA:57,2
DA:58,2
DA:61,3
LF:13
LH:13
BRF:0
BRH:0
end_of_record
TN:
SF:src/components/JobSearch/Headline.vue
FN:30,(anonymous_1)
FN:37,(anonymous_2)
FN:43,(anonymous_3)
FN:46,(anonymous_4)
FN:50,(anonymous_5)
FN:51,(anonymous_6)
FNF:6
FNH:6
FNDA:4,(anonymous_1)
FNDA:6,(anonymous_2)
FNDA:4,(anonymous_3)
FNDA:1,(anonymous_4)
FNDA:4,(anonymous_5)
FNDA:2,(anonymous_6)
DA:16,1
DA:17,1
DA:28,1
DA:31,4
DA:38,6
DA:44,4
DA:47,1
DA:50,4
DA:51,4
DA:52,2
DA:53,2
LF:11
LH:11
BRF:0
BRH:0
end_of_record
TN:
SF:src/components/JobSearch/JobSearchForm.vue
FN:52,(anonymous_1)
FN:58,(anonymous_2)
FNF:2
FNH:2
FNDA:1,(anonymous_1)
FNDA:1,(anonymous_2)
DA:43,1
DA:44,1
DA:46,1
DA:47,1
DA:49,1
DA:53,1
DA:55,1
DA:56,1
DA:58,1
DA:59,1
DA:65,1
LF:11
LH:11
BRF:0
BRH:0
end_of_record
TN:
SF:src/components/JobSearch/Spotlight.vue
FN:26,(anonymous_14)
FN:29,(anonymous_15)
FNF:2
FNH:2
FNDA:3,(anonymous_14)
FNDA:6,(anonymous_15)
DA:14,1
DA:15,1
DA:24,1
DA:26,3
DA:27,3
DA:29,3
DA:30,3
DA:31,3
DA:32,3
DA:33,3
DA:35,3
DA:37,3
LF:12
LH:12
BRF:0
BRH:0
end_of_record
TN:
SF:src/components/Navigation/MainNav.vue
FN:56,(anonymous_3)
FN:69,(anonymous_4)
FNF:2
FNH:2
FNDA:6,(anonymous_3)
FNDA:6,(anonymous_4)
DA:44,1
DA:45,1
DA:47,1
DA:48,1
DA:49,1
DA:51,1
DA:53,1
DA:57,6
DA:70,6
LF:9
LH:9
BRF:0
BRH:0
end_of_record
TN:
SF:src/components/Navigation/ProfileImage.vue
FN:10,(anonymous_0)
FNF:1
FNH:1
FNDA:1,(anonymous_0)
DA:6,2
DA:8,2
DA:11,1
LF:3
LH:3
BRF:0
BRH:0
end_of_record
TN:
SF:src/components/Navigation/Subnav.vue
FN:22,(anonymous_1)
FNF:1
FNH:1
FNDA:2,(anonymous_1)
DA:16,2
DA:17,2
DA:18,2
DA:20,2
DA:23,2
DA:24,2
DA:26,2
LF:7
LH:7
BRF:0
BRH:0
end_of_record
TN:
SF:src/components/Shared/Accordion.vue
FN:28,(anonymous_0)
FN:31,(anonymous_1)
FN:35,(anonymous_2)
FNF:3
FNH:3
FNDA:5,(anonymous_0)
FNDA:5,(anonymous_1)
FNDA:10,(anonymous_2)
DA:21,3
DA:23,3
DA:29,5
DA:31,5
DA:32,5
DA:35,5
DA:36,10
DA:39,5
LF:8
LH:8
BRDA:36,0,0,5
BRDA:36,0,1,5
BRF:2
BRH:2
end_of_record
TN:
SF:src/components/Shared/ActionButton.vue
FN:21,(anonymous_0)
FN:26,(anonymous_1)
FN:29,(anonymous_2)
FNF:3
FNH:3
FNDA:9,(anonymous_0)
FNDA:3,(anonymous_1)
FNDA:3,(anonymous_2)
DA:8,4
DA:10,4
DA:22,9
DA:27,3
DA:29,3
DA:30,3
DA:34,3
LF:7
LH:7
BRF:0
BRH:0
end_of_record
TN:
SF:src/components/Shared/HeaderContainer.vue
FNF:0
FNH:0
DA:12,1
DA:14,1
LF:2
LH:2
BRF:0
BRH:0
end_of_record
TN:
SF:src/components/Shared/TextInput.vue
FN:29,(anonymous_0)
FNF:1
FNH:1
FNDA:5,(anonymous_0)
DA:12,2
DA:14,2
DA:30,5
DA:31,5
DA:32,5
LF:5
LH:5
BRF:0
BRH:0
end_of_record
TN:
SF:src/composables/useConfirmRoute.ts
FN:5,(anonymous_0)
FN:7,(anonymous_1)
FNF:2
FNH:2
FNDA:1,(anonymous_0)
FNDA:1,(anonymous_1)
DA:1,3
DA:3,3
DA:5,3
DA:6,1
DA:7,1
DA:10,3
LF:6
LH:6
BRF:0
BRH:0
end_of_record
TN:
SF:src/composables/useCurrentPage.ts
FN:4,(anonymous_0)
FN:7,(anonymous_1)
FNF:2
FNH:2
FNDA:2,(anonymous_0)
FNDA:2,(anonymous_1)
DA:1,2
DA:2,2
DA:4,2
DA:5,2
DA:6,2
DA:7,2
DA:10,2
LF:7
LH:7
BRDA:7,0,0,2
BRDA:7,0,1,1
BRF:2
BRH:2
end_of_record
TN:
SF:src/composables/usePreviousAndNextPages.ts
FN:7,(anonymous_0)
FN:11,(anonymous_1)
FN:17,(anonymous_2)
FNF:3
FNH:3
FNDA:4,(anonymous_0)
FNDA:2,(anonymous_1)
FNDA:2,(anonymous_2)
DA:1,2
DA:7,2
DA:11,4
DA:12,2
DA:13,2
DA:14,2
DA:17,4
DA:18,2
DA:19,2
DA:22,4
DA:25,2
LF:11
LH:11
BRDA:14,0,0,1
BRDA:14,0,1,1
BRDA:19,1,0,1
BRDA:19,1,1,1
BRF:4
BRH:4
end_of_record
TN:
SF:src/store/actions.ts
FN:12,(anonymous_1)
FNF:1
FNH:1
FNDA:2,(anonymous_1)
DA:3,8
DA:5,8
DA:11,8
DA:13,2
DA:14,2
DA:18,8
LF:6
LH:6
BRF:0
BRH:0
end_of_record
TN:
SF:src/store/composables.ts
FN:15,(anonymous_0)
FN:17,(anonymous_1)
FN:20,(anonymous_2)
FN:22,(anonymous_3)
FN:25,(anonymous_4)
FN:27,(anonymous_5)
FN:31,(anonymous_6)
FNF:7
FNH:7
FNDA:1,(anonymous_0)
FNDA:1,(anonymous_1)
FNDA:1,(anonymous_2)
FNDA:1,(anonymous_3)
FNDA:1,(anonymous_4)
FNDA:1,(anonymous_5)
FNDA:1,(anonymous_6)
DA:1,5
DA:2,5
DA:4,5
DA:12,5
DA:15,5
DA:16,1
DA:17,1
DA:20,5
DA:21,1
DA:22,1
DA:25,5
DA:26,1
DA:27,1
DA:31,5
DA:32,1
DA:33,1
LF:16
LH:16
BRF:0
BRH:0
end_of_record
TN:
SF:src/store/constants.ts
FNF:0
FNH:0
DA:2,10
DA:5,10
DA:6,10
DA:8,10
DA:11,10
DA:12,10
DA:13,10
DA:16,10
DA:17,10
DA:18,10
LF:10
LH:10
BRF:0
BRH:0
end_of_record
TN:
SF:src/store/getters.ts
FN:18,(anonymous_0)
FN:20,(anonymous_1)
FN:26,(anonymous_2)
FN:29,(anonymous_3)
FN:34,(anonymous_4)
FN:34,(anonymous_5)
FN:40,(anonymous_6)
FN:40,(anonymous_7)
FN:46,(anonymous_8)
FN:48,(anonymous_9)
FN:49,(anonymous_10)
FNF:11
FNH:11
FNDA:1,(anonymous_0)
FNDA:3,(anonymous_1)
FNDA:1,(anonymous_2)
FNDA:3,(anonymous_3)
FNDA:2,(anonymous_4)
FNDA:2,(anonymous_5)
FNDA:2,(anonymous_6)
FNDA:2,(anonymous_7)
FNDA:1,(anonymous_8)
FNDA:1,(anonymous_9)
FNDA:1,(anonymous_10)
DA:1,8
DA:17,8
DA:19,1
DA:20,3
DA:23,1
DA:28,1
DA:29,3
DA:31,1
DA:34,2
DA:35,2
DA:37,1
DA:40,2
DA:41,2
DA:43,1
DA:47,1
DA:48,1
DA:49,1
DA:53,8
LF:18
LH:18
BRDA:35,0,0,1
BRDA:41,1,0,1
BRF:2
BRH:2
end_of_record
TN:
SF:src/store/index.ts
FNF:0
FNH:0
DA:2,7
DA:4,7
DA:5,7
DA:6,7
DA:7,7
DA:11,7
DA:13,7
DA:21,7
LF:8
LH:8
BRF:0
BRH:0
end_of_record
TN:
SF:src/store/mutations.ts
FN:13,(anonymous_0)
FN:16,(anonymous_1)
FN:19,(anonymous_2)
FN:22,(anonymous_3)
FNF:4
FNH:4
FNDA:1,(anonymous_0)
FNDA:1,(anonymous_1)
FNDA:1,(anonymous_2)
FNDA:1,(anonymous_3)
DA:1,8
DA:12,8
DA:14,1
DA:17,1
DA:20,1
DA:23,1
DA:27,8
LF:7
LH:7
BRF:0
BRH:0
end_of_record
TN:
SF:src/store/state.ts
FN:3,(anonymous_0)
FNF:1
FNH:1
FNDA:20,(anonymous_0)
DA:3,11
DA:4,20
DA:12,11
LF:3
LH:3
BRF:0
BRH:0
end_of_record
TN:
SF:src/utils/nextElementInList.ts
FN:1,(anonymous_0)
FNF:1
FNH:1
FNDA:4,(anonymous_0)
DA:1,2
DA:2,4
DA:3,4
DA:4,4
DA:5,4
DA:8,2
LF:6
LH:6
BRF:0
BRH:0
end_of_record
TN:
SF:tests/unit/store/utils.ts
FN:5,(anonymous_1)
FN:10,(anonymous_2)
FNF:2
FNH:2
FNDA:11,(anonymous_1)
FNDA:18,(anonymous_2)
DA:3,3
DA:5,3
DA:6,11
DA:7,11
DA:10,18
LF:5
LH:5
BRDA:5,0,0,0
BRDA:10,1,0,2
BRF:2
BRH:1
end_of_record
